Build started 2/7/2016 2:24:04 PM.
     1>Project "C:\Users\Administrator\Desktop\WindowsSocket\TestWSA\TestWSA\TestWSA.vcxproj" on node 2 (Build target(s)).
     1>ClCompile:
         C:\Program Files (x86)\Microsoft Visual Studio 14.0\VC\bin\CL.exe /c /ZI /nologo /W3 /WX- /sdl /Od /Oy- /D _MBCS /Gm /EHsc /RTC1 /MDd /GS /fp:precise /Zc:wchar_t /Zc:forScope /Zc:inline /Fo"Debug\\" /Fd"Debug\vc140.pdb" /Gd /TP /analyze- /errorReport:prompt Source.cpp
         Source.cpp
     1>c:\users\administrator\desktop\windowssocket\testwsa\testwsa\source.cpp(276): error C2181: illegal else without matching if
     1>Done Building Project "C:\Users\Administrator\Desktop\WindowsSocket\TestWSA\TestWSA\TestWSA.vcxproj" (Build target(s)) -- FAILED.

Build FAILED.

Time Elapsed 00:00:00.40
